SynOOD_1_0_1_0.05_0.05_1
##############################
The data path is: ../../Data//data/SynOOD_1_0_1_0.05_0.05_1/2_10_4_2/
The ATE:
------------------------------
ate: 1
------------------------------
Next, run dataGenerator: 
Run 0/10. 
Run 1/10. 
Run 2/10. 
Run 3/10. 
Run 4/10. 
Run 5/10. 
Run 6/10. 
Run 7/10. 
Run 8/10. 
Run 9/10. 
------------------------------
Exp 0 :this is the 0/3 epochs.
The train accuracy: 80.90 %
The test  accuracy: 81.18 %
Exp 0 :this is the 1/3 epochs.
The train accuracy: 81.94 %
The test  accuracy: 82.02 %
Exp 0 :this is the 2/3 epochs.
The train accuracy: 82.46 %
The test  accuracy: 82.49 %
Exp 0 :this is the 0/3 epochs.
The train accuracy: 81.10 %
The test  accuracy: 80.60 %
Exp 0 :this is the 1/3 epochs.
The train accuracy: 81.99 %
The test  accuracy: 81.48 %
Exp 0 :this is the 2/3 epochs.
The train accuracy: 82.49 %
The test  accuracy: 81.75 %
Exp 0 :this is the 0/3 epochs.
The train accuracy: 81.04 %
The test  accuracy: 80.91 %
Exp 0 :this is the 1/3 epochs.
The train accuracy: 81.65 %
The test  accuracy: 81.64 %
Exp 0 :this is the 2/3 epochs.
The train accuracy: 82.08 %
The test  accuracy: 81.95 %
Exp 0 :this is the 0/3 epochs.
The train accuracy: 81.14 %
The test  accuracy: 80.78 %
Exp 0 :this is the 1/3 epochs.
The train accuracy: 81.93 %
The test  accuracy: 81.64 %
Exp 0 :this is the 2/3 epochs.
The train accuracy: 82.36 %
The test  accuracy: 81.85 %
Exp 0 :this is the 0/3 epochs.
The train accuracy: 80.57 %
The test  accuracy: 80.49 %
Exp 0 :this is the 1/3 epochs.
The train accuracy: 81.48 %
The test  accuracy: 81.39 %
Exp 0 :this is the 2/3 epochs.
The train accuracy: 81.99 %
The test  accuracy: 81.63 %
Exp 0 :this is the 0/3 epochs.
The train accuracy: 78.74 %
The test  accuracy: 78.89 %
Exp 0 :this is the 1/3 epochs.
The train accuracy: 82.16 %
The test  accuracy: 82.48 %
Exp 0 :this is the 2/3 epochs.
The train accuracy: 83.38 %
The test  accuracy: 83.21 %
Exp 0 :this is the 0/3 epochs.
The train accuracy: 79.35 %
The test  accuracy: 78.94 %
Exp 0 :this is the 1/3 epochs.
The train accuracy: 83.32 %
The test  accuracy: 82.70 %
Exp 0 :this is the 2/3 epochs.
The train accuracy: 84.70 %
The test  accuracy: 83.91 %
Exp 0 :this is the 0/3 epochs.
The train accuracy: 79.96 %
The test  accuracy: 79.45 %
Exp 0 :this is the 1/3 epochs.
The train accuracy: 83.76 %
The test  accuracy: 83.33 %
Exp 0 :this is the 2/3 epochs.
The train accuracy: 85.02 %
The test  accuracy: 84.34 %
Exp 0 :this is the 0/3 epochs.
The train accuracy: 79.83 %
The test  accuracy: 79.51 %
Exp 0 :this is the 1/3 epochs.
The train accuracy: 83.78 %
The test  accuracy: 83.51 %
Exp 0 :this is the 2/3 epochs.
The train accuracy: 84.83 %
The test  accuracy: 84.48 %
Exp 0 :this is the 0/3 epochs.
The train accuracy: 79.91 %
The test  accuracy: 80.35 %
Exp 0 :this is the 1/3 epochs.
The train accuracy: 84.18 %
The test  accuracy: 84.15 %
Exp 0 :this is the 2/3 epochs.
The train accuracy: 85.24 %
The test  accuracy: 84.96 %
Exp 0 :this is the 0/3 epochs.
The train accuracy: 81.11 %
The test  accuracy: 82.39 %
Exp 0 :this is the 1/3 epochs.
The train accuracy: 82.00 %
The test  accuracy: 82.78 %
Exp 0 :this is the 2/3 epochs.
The train accuracy: 82.36 %
The test  accuracy: 83.01 %
Exp 1 :this is the 0/3 epochs.
The train accuracy: 80.81 %
The test  accuracy: 80.00 %
Exp 1 :this is the 1/3 epochs.
The train accuracy: 81.91 %
The test  accuracy: 80.94 %
Exp 1 :this is the 2/3 epochs.
The train accuracy: 82.59 %
The test  accuracy: 81.42 %
Exp 1 :this is the 0/3 epochs.
The train accuracy: 80.30 %
The test  accuracy: 80.17 %
Exp 1 :this is the 1/3 epochs.
The train accuracy: 81.33 %
The test  accuracy: 80.80 %
Exp 1 :this is the 2/3 epochs.
The train accuracy: 81.69 %
The test  accuracy: 81.04 %
Exp 1 :this is the 0/3 epochs.
The train accuracy: 80.49 %
The test  accuracy: 79.92 %
Exp 1 :this is the 1/3 epochs.
The train accuracy: 81.45 %
The test  accuracy: 80.68 %
Exp 1 :this is the 2/3 epochs.
The train accuracy: 81.90 %
The test  accuracy: 81.04 %
Exp 1 :this is the 0/3 epochs.
The train accuracy: 79.96 %
The test  accuracy: 80.04 %
Exp 1 :this is the 1/3 epochs.
The train accuracy: 80.83 %
The test  accuracy: 80.95 %
Exp 1 :this is the 2/3 epochs.
The train accuracy: 81.23 %
The test  accuracy: 81.40 %
Exp 1 :this is the 0/3 epochs.
The train accuracy: 80.67 %
The test  accuracy: 80.58 %
Exp 1 :this is the 1/3 epochs.
The train accuracy: 81.56 %
The test  accuracy: 81.09 %
Exp 1 :this is the 2/3 epochs.
The train accuracy: 81.98 %
The test  accuracy: 81.42 %
Exp 1 :this is the 0/3 epochs.
The train accuracy: 79.00 %
The test  accuracy: 78.80 %
Exp 1 :this is the 1/3 epochs.
The train accuracy: 82.71 %
The test  accuracy: 82.55 %
Exp 1 :this is the 2/3 epochs.
The train accuracy: 83.72 %
The test  accuracy: 83.53 %
Exp 1 :this is the 0/3 epochs.
The train accuracy: 79.00 %
The test  accuracy: 78.65 %
Exp 1 :this is the 1/3 epochs.
The train accuracy: 82.91 %
The test  accuracy: 82.44 %
Exp 1 :this is the 2/3 epochs.
The train accuracy: 84.12 %
The test  accuracy: 83.55 %
Exp 1 :this is the 0/3 epochs.
The train accuracy: 80.14 %
The test  accuracy: 79.25 %
Exp 1 :this is the 1/3 epochs.
The train accuracy: 83.47 %
The test  accuracy: 83.44 %
Exp 1 :this is the 2/3 epochs.
The train accuracy: 84.53 %
The test  accuracy: 84.65 %
Exp 1 :this is the 0/3 epochs.
The train accuracy: 80.30 %
The test  accuracy: 80.35 %
Exp 1 :this is the 1/3 epochs.
The train accuracy: 84.19 %
The test  accuracy: 84.29 %
Exp 1 :this is the 2/3 epochs.
The train accuracy: 85.32 %
The test  accuracy: 85.03 %
Exp 1 :this is the 0/3 epochs.
The train accuracy: 79.92 %
The test  accuracy: 79.90 %
Exp 1 :this is the 1/3 epochs.
The train accuracy: 83.92 %
The test  accuracy: 83.94 %
Exp 1 :this is the 2/3 epochs.
The train accuracy: 84.94 %
The test  accuracy: 85.23 %
Exp 1 :this is the 0/3 epochs.
The train accuracy: 82.39 %
The test  accuracy: 81.58 %
Exp 1 :this is the 1/3 epochs.
The train accuracy: 83.12 %
The test  accuracy: 82.19 %
Exp 1 :this is the 2/3 epochs.
The train accuracy: 83.45 %
The test  accuracy: 82.58 %
Exp 2 :this is the 0/3 epochs.
The train accuracy: 80.06 %
The test  accuracy: 80.81 %
Exp 2 :this is the 1/3 epochs.
The train accuracy: 80.95 %
The test  accuracy: 81.82 %
Exp 2 :this is the 2/3 epochs.
The train accuracy: 81.58 %
The test  accuracy: 82.10 %
Exp 2 :this is the 0/3 epochs.
The train accuracy: 80.50 %
The test  accuracy: 80.48 %
Exp 2 :this is the 1/3 epochs.
The train accuracy: 81.35 %
The test  accuracy: 81.37 %
Exp 2 :this is the 2/3 epochs.
The train accuracy: 81.71 %
The test  accuracy: 81.80 %
Exp 2 :this is the 0/3 epochs.
The train accuracy: 79.98 %
The test  accuracy: 80.48 %
Exp 2 :this is the 1/3 epochs.
The train accuracy: 81.15 %
The test  accuracy: 80.97 %
Exp 2 :this is the 2/3 epochs.
The train accuracy: 81.80 %
The test  accuracy: 81.30 %
Exp 2 :this is the 0/3 epochs.
The train accuracy: 80.86 %
The test  accuracy: 79.96 %
Exp 2 :this is the 1/3 epochs.
The train accuracy: 81.69 %
The test  accuracy: 80.45 %
Exp 2 :this is the 2/3 epochs.
The train accuracy: 82.09 %
The test  accuracy: 80.82 %
Exp 2 :this is the 0/3 epochs.
The train accuracy: 80.96 %
The test  accuracy: 80.27 %
Exp 2 :this is the 1/3 epochs.
The train accuracy: 81.86 %
The test  accuracy: 81.04 %
Exp 2 :this is the 2/3 epochs.
The train accuracy: 82.45 %
The test  accuracy: 81.31 %
Exp 2 :this is the 0/3 epochs.
The train accuracy: 78.62 %
The test  accuracy: 78.46 %
Exp 2 :this is the 1/3 epochs.
The train accuracy: 82.48 %
The test  accuracy: 82.39 %
Exp 2 :this is the 2/3 epochs.
The train accuracy: 83.76 %
The test  accuracy: 83.15 %
Exp 2 :this is the 0/3 epochs.
The train accuracy: 79.27 %
The test  accuracy: 79.67 %
Exp 2 :this is the 1/3 epochs.
The train accuracy: 83.52 %
The test  accuracy: 83.27 %
Exp 2 :this is the 2/3 epochs.
The train accuracy: 84.80 %
The test  accuracy: 84.19 %
Exp 2 :this is the 0/3 epochs.
The train accuracy: 80.10 %
The test  accuracy: 79.31 %
Exp 2 :this is the 1/3 epochs.
The train accuracy: 83.99 %
The test  accuracy: 82.80 %
Exp 2 :this is the 2/3 epochs.
The train accuracy: 85.31 %
The test  accuracy: 83.94 %
Exp 2 :this is the 0/3 epochs.
The train accuracy: 80.25 %
The test  accuracy: 79.34 %
Exp 2 :this is the 1/3 epochs.
The train accuracy: 84.08 %
The test  accuracy: 83.10 %
Exp 2 :this is the 2/3 epochs.
The train accuracy: 85.08 %
The test  accuracy: 84.09 %
Exp 2 :this is the 0/3 epochs.
The train accuracy: 79.94 %
The test  accuracy: 79.87 %
Exp 2 :this is the 1/3 epochs.
The train accuracy: 84.38 %
The test  accuracy: 84.03 %
Exp 2 :this is the 2/3 epochs.
The train accuracy: 85.70 %
The test  accuracy: 85.09 %
Exp 2 :this is the 0/3 epochs.
The train accuracy: 82.79 %
The test  accuracy: 81.66 %
Exp 2 :this is the 1/3 epochs.
The train accuracy: 83.30 %
The test  accuracy: 82.35 %
Exp 2 :this is the 2/3 epochs.
The train accuracy: 83.72 %
The test  accuracy: 82.51 %
Exp 3 :this is the 0/3 epochs.
The train accuracy: 81.76 %
The test  accuracy: 80.14 %
Exp 3 :this is the 1/3 epochs.
The train accuracy: 82.84 %
The test  accuracy: 80.78 %
Exp 3 :this is the 2/3 epochs.
The train accuracy: 83.25 %
The test  accuracy: 81.35 %
Exp 3 :this is the 0/3 epochs.
The train accuracy: 81.62 %
The test  accuracy: 80.24 %
Exp 3 :this is the 1/3 epochs.
The train accuracy: 82.59 %
The test  accuracy: 80.70 %
Exp 3 :this is the 2/3 epochs.
The train accuracy: 83.02 %
The test  accuracy: 81.13 %
Exp 3 :this is the 0/3 epochs.
The train accuracy: 80.74 %
The test  accuracy: 80.30 %
Exp 3 :this is the 1/3 epochs.
The train accuracy: 81.92 %
The test  accuracy: 81.11 %
Exp 3 :this is the 2/3 epochs.
The train accuracy: 82.51 %
The test  accuracy: 81.39 %
Exp 3 :this is the 0/3 epochs.
The train accuracy: 81.15 %
The test  accuracy: 80.39 %
Exp 3 :this is the 1/3 epochs.
The train accuracy: 81.82 %
The test  accuracy: 81.13 %
Exp 3 :this is the 2/3 epochs.
The train accuracy: 82.16 %
The test  accuracy: 81.52 %
Exp 3 :this is the 0/3 epochs.
The train accuracy: 80.30 %
The test  accuracy: 80.78 %
Exp 3 :this is the 1/3 epochs.
The train accuracy: 81.18 %
The test  accuracy: 81.25 %
Exp 3 :this is the 2/3 epochs.
The train accuracy: 81.69 %
The test  accuracy: 81.43 %
Exp 3 :this is the 0/3 epochs.
The train accuracy: 78.20 %
The test  accuracy: 78.52 %
Exp 3 :this is the 1/3 epochs.
The train accuracy: 82.12 %
The test  accuracy: 82.70 %
Exp 3 :this is the 2/3 epochs.
The train accuracy: 83.40 %
The test  accuracy: 83.62 %
Exp 3 :this is the 0/3 epochs.
The train accuracy: 79.01 %
The test  accuracy: 78.61 %
Exp 3 :this is the 1/3 epochs.
The train accuracy: 82.73 %
The test  accuracy: 82.49 %
Exp 3 :this is the 2/3 epochs.
The train accuracy: 83.96 %
The test  accuracy: 83.61 %
Exp 3 :this is the 0/3 epochs.
The train accuracy: 79.31 %
The test  accuracy: 79.45 %
Exp 3 :this is the 1/3 epochs.
The train accuracy: 83.49 %
The test  accuracy: 83.09 %
Exp 3 :this is the 2/3 epochs.
The train accuracy: 84.40 %
The test  accuracy: 84.28 %
Exp 3 :this is the 0/3 epochs.
The train accuracy: 79.85 %
The test  accuracy: 80.17 %
Exp 3 :this is the 1/3 epochs.
The train accuracy: 83.62 %
The test  accuracy: 83.69 %
Exp 3 :this is the 2/3 epochs.
The train accuracy: 84.88 %
The test  accuracy: 84.79 %
Exp 3 :this is the 0/3 epochs.
The train accuracy: 80.09 %
The test  accuracy: 79.72 %
Exp 3 :this is the 1/3 epochs.
The train accuracy: 84.07 %
The test  accuracy: 83.55 %
Exp 3 :this is the 2/3 epochs.
The train accuracy: 85.18 %
The test  accuracy: 84.92 %
Exp 3 :this is the 0/3 epochs.
The train accuracy: 81.76 %
The test  accuracy: 82.13 %
Exp 3 :this is the 1/3 epochs.
The train accuracy: 82.73 %
The test  accuracy: 82.51 %
Exp 3 :this is the 2/3 epochs.
The train accuracy: 83.27 %
The test  accuracy: 82.77 %
Exp 4 :this is the 0/3 epochs.
The train accuracy: 81.12 %
The test  accuracy: 79.92 %
Exp 4 :this is the 1/3 epochs.
The train accuracy: 81.80 %
The test  accuracy: 80.92 %
Exp 4 :this is the 2/3 epochs.
The train accuracy: 82.31 %
The test  accuracy: 81.43 %
Exp 4 :this is the 0/3 epochs.
The train accuracy: 80.80 %
The test  accuracy: 80.34 %
Exp 4 :this is the 1/3 epochs.
The train accuracy: 81.73 %
The test  accuracy: 81.32 %
Exp 4 :this is the 2/3 epochs.
The train accuracy: 82.45 %
The test  accuracy: 81.61 %
Exp 4 :this is the 0/3 epochs.
The train accuracy: 80.93 %
The test  accuracy: 80.76 %
Exp 4 :this is the 1/3 epochs.
The train accuracy: 81.96 %
The test  accuracy: 81.58 %
Exp 4 :this is the 2/3 epochs.
The train accuracy: 82.27 %
The test  accuracy: 81.82 %
Exp 4 :this is the 0/3 epochs.
The train accuracy: 80.39 %
The test  accuracy: 80.49 %
Exp 4 :this is the 1/3 epochs.
The train accuracy: 81.31 %
The test  accuracy: 81.17 %
Exp 4 :this is the 2/3 epochs.
The train accuracy: 81.83 %
The test  accuracy: 81.48 %
Exp 4 :this is the 0/3 epochs.
The train accuracy: 80.74 %
The test  accuracy: 80.02 %
Exp 4 :this is the 1/3 epochs.
The train accuracy: 81.43 %
The test  accuracy: 80.70 %
Exp 4 :this is the 2/3 epochs.
The train accuracy: 81.96 %
The test  accuracy: 81.15 %
Exp 4 :this is the 0/3 epochs.
The train accuracy: 79.10 %
The test  accuracy: 78.57 %
Exp 4 :this is the 1/3 epochs.
The train accuracy: 82.74 %
The test  accuracy: 82.00 %
Exp 4 :this is the 2/3 epochs.
The train accuracy: 84.09 %
The test  accuracy: 83.37 %
Exp 4 :this is the 0/3 epochs.
The train accuracy: 78.96 %
The test  accuracy: 79.52 %
Exp 4 :this is the 1/3 epochs.
The train accuracy: 82.76 %
The test  accuracy: 82.76 %
Exp 4 :this is the 2/3 epochs.
The train accuracy: 83.77 %
The test  accuracy: 83.53 %
Exp 4 :this is the 0/3 epochs.
The train accuracy: 80.21 %
The test  accuracy: 78.96 %
Exp 4 :this is the 1/3 epochs.
The train accuracy: 83.79 %
The test  accuracy: 82.58 %
Exp 4 :this is the 2/3 epochs.
The train accuracy: 85.11 %
The test  accuracy: 83.92 %
Exp 4 :this is the 0/3 epochs.
The train accuracy: 80.56 %
The test  accuracy: 79.88 %
Exp 4 :this is the 1/3 epochs.
The train accuracy: 84.08 %
The test  accuracy: 83.46 %
Exp 4 :this is the 2/3 epochs.
The train accuracy: 85.14 %
The test  accuracy: 84.62 %
Exp 4 :this is the 0/3 epochs.
The train accuracy: 79.67 %
The test  accuracy: 79.04 %
Exp 4 :this is the 1/3 epochs.
The train accuracy: 83.56 %
The test  accuracy: 82.25 %
Exp 4 :this is the 2/3 epochs.
The train accuracy: 84.73 %
The test  accuracy: 83.79 %
Exp 4 :this is the 0/3 epochs.
The train accuracy: 81.75 %
The test  accuracy: 81.76 %
Exp 4 :this is the 1/3 epochs.
The train accuracy: 82.55 %
The test  accuracy: 82.53 %
Exp 4 :this is the 2/3 epochs.
The train accuracy: 83.04 %
The test  accuracy: 82.86 %
Exp 5 :this is the 0/3 epochs.
The train accuracy: 80.75 %
The test  accuracy: 79.56 %
Exp 5 :this is the 1/3 epochs.
The train accuracy: 81.39 %
The test  accuracy: 80.02 %
Exp 5 :this is the 2/3 epochs.
The train accuracy: 81.71 %
The test  accuracy: 80.56 %
Exp 5 :this is the 0/3 epochs.
The train accuracy: 81.13 %
The test  accuracy: 80.16 %
Exp 5 :this is the 1/3 epochs.
The train accuracy: 81.83 %
The test  accuracy: 80.75 %
Exp 5 :this is the 2/3 epochs.
The train accuracy: 82.29 %
The test  accuracy: 81.03 %
Exp 5 :this is the 0/3 epochs.
The train accuracy: 80.32 %
The test  accuracy: 80.31 %
Exp 5 :this is the 1/3 epochs.
The train accuracy: 81.21 %
The test  accuracy: 80.91 %
Exp 5 :this is the 2/3 epochs.
The train accuracy: 81.79 %
The test  accuracy: 81.12 %
Exp 5 :this is the 0/3 epochs.
The train accuracy: 80.68 %
The test  accuracy: 79.69 %
Exp 5 :this is the 1/3 epochs.
The train accuracy: 81.21 %
The test  accuracy: 80.52 %
Exp 5 :this is the 2/3 epochs.
The train accuracy: 81.70 %
The test  accuracy: 80.96 %
Exp 5 :this is the 0/3 epochs.
The train accuracy: 80.82 %
The test  accuracy: 80.71 %
Exp 5 :this is the 1/3 epochs.
The train accuracy: 81.64 %
The test  accuracy: 81.11 %
Exp 5 :this is the 2/3 epochs.
The train accuracy: 82.08 %
The test  accuracy: 81.54 %
Exp 5 :this is the 0/3 epochs.
The train accuracy: 78.61 %
The test  accuracy: 78.33 %
Exp 5 :this is the 1/3 epochs.
The train accuracy: 82.09 %
The test  accuracy: 82.20 %
Exp 5 :this is the 2/3 epochs.
The train accuracy: 83.61 %
The test  accuracy: 83.33 %
Exp 5 :this is the 0/3 epochs.
The train accuracy: 79.75 %
The test  accuracy: 79.33 %
Exp 5 :this is the 1/3 epochs.
The train accuracy: 83.56 %
The test  accuracy: 82.92 %
Exp 5 :this is the 2/3 epochs.
The train accuracy: 84.78 %
The test  accuracy: 84.15 %
Exp 5 :this is the 0/3 epochs.
The train accuracy: 79.14 %
The test  accuracy: 79.30 %
Exp 5 :this is the 1/3 epochs.
The train accuracy: 83.68 %
The test  accuracy: 83.11 %
Exp 5 :this is the 2/3 epochs.
The train accuracy: 84.98 %
The test  accuracy: 84.20 %
Exp 5 :this is the 0/3 epochs.
The train accuracy: 80.52 %
The test  accuracy: 79.88 %
Exp 5 :this is the 1/3 epochs.
The train accuracy: 84.81 %
The test  accuracy: 83.54 %
Exp 5 :this is the 2/3 epochs.
The train accuracy: 85.90 %
The test  accuracy: 84.70 %
Exp 5 :this is the 0/3 epochs.
The train accuracy: 81.07 %
The test  accuracy: 79.79 %
Exp 5 :this is the 1/3 epochs.
The train accuracy: 84.77 %
The test  accuracy: 84.01 %
Exp 5 :this is the 2/3 epochs.
The train accuracy: 85.88 %
The test  accuracy: 85.15 %
Exp 5 :this is the 0/3 epochs.
The train accuracy: 82.03 %
The test  accuracy: 81.33 %
Exp 5 :this is the 1/3 epochs.
The train accuracy: 82.69 %
The test  accuracy: 81.95 %
Exp 5 :this is the 2/3 epochs.
The train accuracy: 83.03 %
The test  accuracy: 82.29 %
Exp 6 :this is the 0/3 epochs.
The train accuracy: 79.84 %
The test  accuracy: 79.90 %
Exp 6 :this is the 1/3 epochs.
The train accuracy: 80.95 %
The test  accuracy: 80.73 %
Exp 6 :this is the 2/3 epochs.
The train accuracy: 81.46 %
The test  accuracy: 81.37 %
Exp 6 :this is the 0/3 epochs.
The train accuracy: 80.63 %
The test  accuracy: 80.09 %
Exp 6 :this is the 1/3 epochs.
The train accuracy: 81.42 %
The test  accuracy: 81.16 %
Exp 6 :this is the 2/3 epochs.
The train accuracy: 81.86 %
The test  accuracy: 81.50 %
Exp 6 :this is the 0/3 epochs.
The train accuracy: 79.36 %
The test  accuracy: 81.07 %
Exp 6 :this is the 1/3 epochs.
The train accuracy: 80.39 %
The test  accuracy: 81.82 %
Exp 6 :this is the 2/3 epochs.
The train accuracy: 81.16 %
The test  accuracy: 82.04 %
Exp 6 :this is the 0/3 epochs.
The train accuracy: 80.62 %
The test  accuracy: 80.75 %
Exp 6 :this is the 1/3 epochs.
The train accuracy: 81.32 %
The test  accuracy: 81.33 %
Exp 6 :this is the 2/3 epochs.
The train accuracy: 81.73 %
The test  accuracy: 81.51 %
Exp 6 :this is the 0/3 epochs.
The train accuracy: 79.97 %
The test  accuracy: 80.63 %
Exp 6 :this is the 1/3 epochs.
The train accuracy: 80.74 %
The test  accuracy: 81.14 %
Exp 6 :this is the 2/3 epochs.
The train accuracy: 81.23 %
The test  accuracy: 81.30 %
Exp 6 :this is the 0/3 epochs.
The train accuracy: 77.93 %
The test  accuracy: 78.28 %
Exp 6 :this is the 1/3 epochs.
The train accuracy: 81.76 %
The test  accuracy: 82.33 %
Exp 6 :this is the 2/3 epochs.
The train accuracy: 82.78 %
The test  accuracy: 83.48 %
Exp 6 :this is the 0/3 epochs.
The train accuracy: 78.83 %
The test  accuracy: 78.52 %
Exp 6 :this is the 1/3 epochs.
The train accuracy: 82.30 %
The test  accuracy: 82.61 %
Exp 6 :this is the 2/3 epochs.
The train accuracy: 83.60 %
The test  accuracy: 83.83 %
Exp 6 :this is the 0/3 epochs.
The train accuracy: 79.42 %
The test  accuracy: 79.09 %
Exp 6 :this is the 1/3 epochs.
The train accuracy: 83.61 %
The test  accuracy: 83.10 %
Exp 6 :this is the 2/3 epochs.
The train accuracy: 84.75 %
The test  accuracy: 84.45 %
Exp 6 :this is the 0/3 epochs.
The train accuracy: 80.00 %
The test  accuracy: 79.49 %
Exp 6 :this is the 1/3 epochs.
The train accuracy: 83.86 %
The test  accuracy: 83.71 %
Exp 6 :this is the 2/3 epochs.
The train accuracy: 85.17 %
The test  accuracy: 84.98 %
Exp 6 :this is the 0/3 epochs.
The train accuracy: 80.32 %
The test  accuracy: 79.79 %
Exp 6 :this is the 1/3 epochs.
The train accuracy: 84.45 %
The test  accuracy: 83.70 %
Exp 6 :this is the 2/3 epochs.
The train accuracy: 85.48 %
The test  accuracy: 84.69 %
Exp 6 :this is the 0/3 epochs.
The train accuracy: 81.72 %
The test  accuracy: 82.01 %
Exp 6 :this is the 1/3 epochs.
The train accuracy: 82.44 %
The test  accuracy: 82.53 %
Exp 6 :this is the 2/3 epochs.
The train accuracy: 83.05 %
The test  accuracy: 82.87 %
Exp 7 :this is the 0/3 epochs.
The train accuracy: 80.54 %
The test  accuracy: 80.01 %
Exp 7 :this is the 1/3 epochs.
The train accuracy: 81.54 %
The test  accuracy: 80.86 %
Exp 7 :this is the 2/3 epochs.
The train accuracy: 81.94 %
The test  accuracy: 81.36 %
Exp 7 :this is the 0/3 epochs.
The train accuracy: 81.27 %
The test  accuracy: 80.03 %
Exp 7 :this is the 1/3 epochs.
The train accuracy: 82.24 %
The test  accuracy: 80.82 %
Exp 7 :this is the 2/3 epochs.
The train accuracy: 82.51 %
The test  accuracy: 81.18 %
Exp 7 :this is the 0/3 epochs.
The train accuracy: 80.69 %
The test  accuracy: 80.74 %
Exp 7 :this is the 1/3 epochs.
The train accuracy: 81.64 %
The test  accuracy: 81.55 %
Exp 7 :this is the 2/3 epochs.
The train accuracy: 82.23 %
The test  accuracy: 81.83 %
Exp 7 :this is the 0/3 epochs.
The train accuracy: 80.90 %
The test  accuracy: 79.93 %
Exp 7 :this is the 1/3 epochs.
The train accuracy: 81.68 %
The test  accuracy: 80.65 %
Exp 7 :this is the 2/3 epochs.
The train accuracy: 82.07 %
The test  accuracy: 81.14 %
Exp 7 :this is the 0/3 epochs.
The train accuracy: 81.13 %
The test  accuracy: 80.29 %
Exp 7 :this is the 1/3 epochs.
The train accuracy: 81.76 %
The test  accuracy: 81.05 %
Exp 7 :this is the 2/3 epochs.
The train accuracy: 82.01 %
The test  accuracy: 81.54 %
Exp 7 :this is the 0/3 epochs.
The train accuracy: 79.15 %
The test  accuracy: 79.23 %
Exp 7 :this is the 1/3 epochs.
The train accuracy: 82.75 %
The test  accuracy: 82.82 %
Exp 7 :this is the 2/3 epochs.
The train accuracy: 83.84 %
The test  accuracy: 83.86 %
Exp 7 :this is the 0/3 epochs.
The train accuracy: 79.38 %
The test  accuracy: 78.15 %
Exp 7 :this is the 1/3 epochs.
The train accuracy: 83.28 %
The test  accuracy: 82.32 %
Exp 7 :this is the 2/3 epochs.
The train accuracy: 84.02 %
The test  accuracy: 83.80 %
Exp 7 :this is the 0/3 epochs.
The train accuracy: 78.45 %
The test  accuracy: 78.56 %
Exp 7 :this is the 1/3 epochs.
The train accuracy: 82.79 %
The test  accuracy: 82.85 %
Exp 7 :this is the 2/3 epochs.
The train accuracy: 84.01 %
The test  accuracy: 84.33 %
Exp 7 :this is the 0/3 epochs.
The train accuracy: 79.28 %
The test  accuracy: 79.60 %
Exp 7 :this is the 1/3 epochs.
The train accuracy: 84.14 %
The test  accuracy: 83.30 %
Exp 7 :this is the 2/3 epochs.
The train accuracy: 85.59 %
The test  accuracy: 84.23 %
Exp 7 :this is the 0/3 epochs.
The train accuracy: 79.99 %
The test  accuracy: 79.57 %
Exp 7 :this is the 1/3 epochs.
The train accuracy: 84.41 %
The test  accuracy: 84.01 %
Exp 7 :this is the 2/3 epochs.
The train accuracy: 85.65 %
The test  accuracy: 85.29 %
Exp 7 :this is the 0/3 epochs.
The train accuracy: 81.95 %
The test  accuracy: 81.77 %
Exp 7 :this is the 1/3 epochs.
The train accuracy: 82.75 %
The test  accuracy: 82.54 %
Exp 7 :this is the 2/3 epochs.
The train accuracy: 83.45 %
The test  accuracy: 82.93 %
Exp 8 :this is the 0/3 epochs.
The train accuracy: 81.15 %
The test  accuracy: 81.00 %
Exp 8 :this is the 1/3 epochs.
The train accuracy: 81.87 %
The test  accuracy: 81.64 %
Exp 8 :this is the 2/3 epochs.
The train accuracy: 82.30 %
The test  accuracy: 81.93 %
Exp 8 :this is the 0/3 epochs.
The train accuracy: 80.56 %
The test  accuracy: 80.11 %
Exp 8 :this is the 1/3 epochs.
The train accuracy: 81.08 %
The test  accuracy: 80.67 %
Exp 8 :this is the 2/3 epochs.
The train accuracy: 81.65 %
The test  accuracy: 81.08 %
Exp 8 :this is the 0/3 epochs.
The train accuracy: 80.39 %
The test  accuracy: 80.87 %
Exp 8 :this is the 1/3 epochs.
The train accuracy: 81.37 %
The test  accuracy: 81.59 %
Exp 8 :this is the 2/3 epochs.
The train accuracy: 81.95 %
The test  accuracy: 81.88 %
Exp 8 :this is the 0/3 epochs.
The train accuracy: 80.20 %
The test  accuracy: 80.34 %
Exp 8 :this is the 1/3 epochs.
The train accuracy: 81.20 %
The test  accuracy: 80.91 %
Exp 8 :this is the 2/3 epochs.
The train accuracy: 81.45 %
The test  accuracy: 81.09 %
Exp 8 :this is the 0/3 epochs.
The train accuracy: 80.38 %
The test  accuracy: 79.82 %
Exp 8 :this is the 1/3 epochs.
The train accuracy: 81.20 %
The test  accuracy: 80.67 %
Exp 8 :this is the 2/3 epochs.
The train accuracy: 81.59 %
The test  accuracy: 81.00 %
Exp 8 :this is the 0/3 epochs.
The train accuracy: 79.05 %
The test  accuracy: 78.89 %
Exp 8 :this is the 1/3 epochs.
The train accuracy: 83.00 %
The test  accuracy: 82.94 %
Exp 8 :this is the 2/3 epochs.
The train accuracy: 84.37 %
The test  accuracy: 83.79 %
Exp 8 :this is the 0/3 epochs.
The train accuracy: 78.59 %
The test  accuracy: 78.34 %
Exp 8 :this is the 1/3 epochs.
The train accuracy: 82.71 %
The test  accuracy: 82.44 %
Exp 8 :this is the 2/3 epochs.
The train accuracy: 84.14 %
The test  accuracy: 83.91 %
Exp 8 :this is the 0/3 epochs.
The train accuracy: 80.31 %
The test  accuracy: 79.74 %
Exp 8 :this is the 1/3 epochs.
The train accuracy: 84.03 %
The test  accuracy: 83.56 %
Exp 8 :this is the 2/3 epochs.
The train accuracy: 85.12 %
The test  accuracy: 84.87 %
Exp 8 :this is the 0/3 epochs.
The train accuracy: 80.07 %
The test  accuracy: 80.20 %
Exp 8 :this is the 1/3 epochs.
The train accuracy: 84.36 %
The test  accuracy: 83.90 %
Exp 8 :this is the 2/3 epochs.
The train accuracy: 85.37 %
The test  accuracy: 85.18 %
Exp 8 :this is the 0/3 epochs.
The train accuracy: 80.35 %
The test  accuracy: 80.19 %
Exp 8 :this is the 1/3 epochs.
The train accuracy: 84.52 %
The test  accuracy: 83.47 %
Exp 8 :this is the 2/3 epochs.
The train accuracy: 85.54 %
The test  accuracy: 84.43 %
Exp 8 :this is the 0/3 epochs.
The train accuracy: 82.18 %
The test  accuracy: 81.54 %
Exp 8 :this is the 1/3 epochs.
The train accuracy: 83.09 %
The test  accuracy: 82.04 %
Exp 8 :this is the 2/3 epochs.
The train accuracy: 83.57 %
The test  accuracy: 82.41 %
Exp 9 :this is the 0/3 epochs.
The train accuracy: 80.34 %
The test  accuracy: 80.46 %
Exp 9 :this is the 1/3 epochs.
The train accuracy: 80.90 %
The test  accuracy: 81.19 %
Exp 9 :this is the 2/3 epochs.
The train accuracy: 81.43 %
The test  accuracy: 81.78 %
Exp 9 :this is the 0/3 epochs.
The train accuracy: 80.00 %
The test  accuracy: 80.53 %
Exp 9 :this is the 1/3 epochs.
The train accuracy: 81.22 %
The test  accuracy: 81.40 %
Exp 9 :this is the 2/3 epochs.
The train accuracy: 81.58 %
The test  accuracy: 81.85 %
Exp 9 :this is the 0/3 epochs.
The train accuracy: 80.98 %
The test  accuracy: 80.01 %
Exp 9 :this is the 1/3 epochs.
The train accuracy: 81.71 %
The test  accuracy: 80.93 %
Exp 9 :this is the 2/3 epochs.
The train accuracy: 82.29 %
The test  accuracy: 81.35 %
Exp 9 :this is the 0/3 epochs.
The train accuracy: 80.48 %
The test  accuracy: 80.93 %
Exp 9 :this is the 1/3 epochs.
The train accuracy: 81.45 %
The test  accuracy: 81.56 %
Exp 9 :this is the 2/3 epochs.
The train accuracy: 81.86 %
The test  accuracy: 81.81 %
Exp 9 :this is the 0/3 epochs.
The train accuracy: 80.88 %
The test  accuracy: 80.39 %
Exp 9 :this is the 1/3 epochs.
The train accuracy: 81.70 %
The test  accuracy: 81.13 %
Exp 9 :this is the 2/3 epochs.
The train accuracy: 82.23 %
The test  accuracy: 81.32 %
Exp 9 :this is the 0/3 epochs.
The train accuracy: 79.33 %
The test  accuracy: 78.02 %
Exp 9 :this is the 1/3 epochs.
The train accuracy: 83.08 %
The test  accuracy: 82.04 %
Exp 9 :this is the 2/3 epochs.
The train accuracy: 84.35 %
The test  accuracy: 83.14 %
Exp 9 :this is the 0/3 epochs.
The train accuracy: 79.04 %
The test  accuracy: 78.02 %
Exp 9 :this is the 1/3 epochs.
The train accuracy: 82.62 %
The test  accuracy: 82.39 %
Exp 9 :this is the 2/3 epochs.
The train accuracy: 83.82 %
The test  accuracy: 83.70 %
Exp 9 :this is the 0/3 epochs.
The train accuracy: 79.44 %
The test  accuracy: 79.13 %
Exp 9 :this is the 1/3 epochs.
The train accuracy: 83.28 %
The test  accuracy: 83.13 %
Exp 9 :this is the 2/3 epochs.
The train accuracy: 84.20 %
The test  accuracy: 84.24 %
Exp 9 :this is the 0/3 epochs.
The train accuracy: 79.08 %
The test  accuracy: 78.89 %
Exp 9 :this is the 1/3 epochs.
The train accuracy: 83.07 %
The test  accuracy: 83.47 %
Exp 9 :this is the 2/3 epochs.
The train accuracy: 84.51 %
The test  accuracy: 84.69 %
Exp 9 :this is the 0/3 epochs.
The train accuracy: 79.50 %
The test  accuracy: 78.98 %
Exp 9 :this is the 1/3 epochs.
The train accuracy: 83.34 %
The test  accuracy: 83.56 %
Exp 9 :this is the 2/3 epochs.
The train accuracy: 84.73 %
The test  accuracy: 84.73 %
Exp 9 :this is the 0/3 epochs.
The train accuracy: 81.08 %
The test  accuracy: 81.84 %
Exp 9 :this is the 1/3 epochs.
The train accuracy: 81.85 %
The test  accuracy: 82.34 %
Exp 9 :this is the 2/3 epochs.
The train accuracy: 82.23 %
The test  accuracy: 82.59 %
